<?xml version="1.0" encoding="UTF-8"?>
<testsuite xmlns:xsi="http://www.w3.org/2001/XMLSchema-instance" xsi:noNamespaceSchemaLocation="https://maven.apache.org/surefire/maven-surefire-plugin/xsd/surefire-test-report.xsd" name="demoblaze.TestRunner" time="0.019" tests="1" errors="1" skipped="0" failures="0">
  <properties>
[...]
</properties>
  <testcase name="testAll" classname="demoblaze.TestRunner" time="0.019">
    <error message="Unresolved compilation problem: &#10;	The declared package &quot;&quot; does not match the expected package &quot;demoblaze&quot;&#10;" type="java.lang.Error"><![CDATA[java.lang.Error: 
Unresolved compilation problem: 
	The declared package "" does not match the expected package "demoblaze"

	at demoblaze.TestRunner.<init>(TestRunner.java:1)
]]></error>
  </testcase>
</testsuite>